Arguments: 
  /usr/local/bin/node /usr/local/bin/yarn install --mutex network:42424 --non-interactive --pure-lockfile

PATH: 
  /Users/the-kid/work/contract-work/hexhive-common/node_modules/.bin:/Users/the-kid/work/contract-work/node_modules/.bin:/Users/the-kid/work/node_modules/.bin:/Users/the-kid/node_modules/.bin:/Users/node_modules/.bin:/node_modules/.bin:/usr/local/lib/node_modules/npm/node_modules/@npmcli/run-script/lib/node-gyp-bin:/Users/the-kid/work/contract-work/hexhive-common/node_modules/.bin:/opt/homebrew/bin:/opt/homebrew/sbin:/usr/local/bin:/usr/bin:/bin:/usr/sbin:/sbin:/opt/X11/bin:/opt/homebrew/bin:/opt/homebrew/sbin:/Users/the-kid/.cargo/bin

Yarn version: 
  1.22.10

Node version: 
  16.3.0

Platform: 
  darwin arm64

Trace: 
  Error: https://registry.yarnpkg.com/@hexhive%2fstyles: Not found
      at Request.params.callback [as _callback] (/usr/local/lib/node_modules/yarn/lib/cli.js:66988:18)
      at Request.self.callback (/usr/local/lib/node_modules/yarn/lib/cli.js:140662:22)
      at Request.emit (node:events:394:28)
      at Request.<anonymous> (/usr/local/lib/node_modules/yarn/lib/cli.js:141634:10)
      at Request.emit (node:events:394:28)
      at IncomingMessage.<anonymous> (/usr/local/lib/node_modules/yarn/lib/cli.js:141556:12)
      at Object.onceWrapper (node:events:513:28)
      at IncomingMessage.emit (node:events:406:35)
      at endReadableNT (node:internal/streams/readable:1329:12)
      at processTicksAndRejections (node:internal/process/task_queues:83:21)

npm manifest: 
  {
  	"name": "@hexhive/ui",
  	"version": "0.0.4-alpha.0",
  	"description": "",
  	"main": "dist/src/index.js",
  	"files": [
  		"dist/"
  	],
  	"author": "",
  	"license": "ISC",
  	"devDependencies": {
  		"@babel/core": "^7.14.8",
  		"@babel/plugin-transform-runtime": "^7.15.0",
  		"@babel/runtime": "^7.15.3",
  		"@rollup/plugin-babel": "^5.3.0",
  		"@rollup/plugin-commonjs": "^20.0.0",
  		"@rollup/plugin-json": "^4.1.0",
  		"@rollup/plugin-node-resolve": "^13.0.4",
  		"@storybook/addon-actions": "^6.3.6",
  		"@storybook/addon-essentials": "^6.3.6",
  		"@storybook/addon-links": "^6.3.6",
  		"@storybook/react": "^6.3.6",
  		"@types/enzyme": "^3.10.9",
  		"@types/jest": "^26.0.24",
  		"@types/lodash": "^4.14.171",
  		"@types/node": "^16.4.6",
  		"@types/prosemirror-markdown": "^1.5.2",
  		"@types/prosemirror-schema-basic": "^1.0.2",
  		"@types/react-beautiful-dnd": "^13.1.1",
  		"@types/react-big-calendar": "^0.33.1",
  		"@types/react-dropzone": "^5.1.0",
  		"@types/react-popover": "^0.5.4",
  		"@types/styled-components": "^5.1.11",
  		"@wojtekmaj/enzyme-adapter-react-17": "^0.6.3",
  		"babel-loader": "^8.2.2",
  		"enzyme": "^3.11.0",
  		"grommet": "^2.17.4",
  		"grommet-icons": "^4.6.0",
  		"jest-fetch-mock": "^3.0.3",
  		"postcss": "^8.3.6",
  		"rollup": "^2.56.2",
  		"rollup-plugin-copy": "^3.4.0",
  		"rollup-plugin-postcss": "^4.0.1",
  		"rollup-plugin-rename": "^1.0.1",
  		"rollup-plugin-terser": "^7.0.2",
  		"rollup-plugin-typescript2": "^0.30.0",
  		"styled-components": "^5.3.0",
  		"terser-webpack-plugin": "^5.1.4",
  		"ts-loader": "^9.2.5",
  		"typescript": "^4.3.5",
  		"webpack": "^5.50.0",
  		"webpack-cli": "^4.7.2",
  		"webpack-config-single-spa-react-ts": "^3.0.0"
  	},
  	"dependencies": {
  		"@babylonjs/core": "5.0.0-alpha.6",
  		"@babylonjs/loaders": "5.0.0-alpha.6",
  		"@hexhive/styles": "^0.0.4-alpha.0",
  		"@hexhive/types": "^0.0.4-alpha.0",
  		"@hexhive/utils": "^0.0.4-alpha.0",
  		"@remirror/core-utils": "^1.1.0",
  		"@remirror/pm": "^1.0.1",
  		"@remirror/react": "^1.0.2",
  		"@udecode/plate": "^1.1.8",
  		"automerge": "^1.0.1-preview.4",
  		"megadraft": "^0.7.5",
  		"memoize-one": "^5.2.1",
  		"moment": "^2.29.1",
  		"nanoid": "^3.1.23",
  		"process": "^0.11.10",
  		"prosemirror-markdown": "^1.5.1",
  		"prosemirror-schema-basic": "^1.1.2",
  		"prosemirror-state": "^1.3.4",
  		"prosemirror-view": "^1.19.0",
  		"react": "^17.0.2",
  		"react-beautiful-dnd": "^13.1.0",
  		"react-big-calendar": "^0.33.6",
  		"react-doc-viewer": "^0.1.5",
  		"react-dropzone": "^11.3.4",
  		"react-multi-date-picker": "^3.0.0",
  		"react-popover": "^0.5.10",
  		"react-resize-aware": "^3.1.0",
  		"react-sizeme": "^3.0.1",
  		"remirror": "^1.0.6",
  		"rollup-plugin-node-globals": "^1.4.0",
  		"slate": "^0.65.3",
  		"slate-history": "^0.65.3",
  		"slate-react": "^0.65.3",
  		"use-prosemirror": "^1.2.1"
  	},
  	"peerDependencies": {
  		"grommet": "^2.17.4",
  		"grommet-icons": "^4.6.0",
  		"styled-components": "^5.3.0"
  	}
  }

yarn manifest: 
  No manifest

Lockfile: 
  No lockfile
