Arguments: 
  /usr/local/bin/node /usr/local/bin/yarn install --mutex network:42424 --non-interactive --pure-lockfile

PATH: 
  /Users/the-kid/work/contract-work/hexhive-common/node_modules/.bin:/Users/the-kid/work/contract-work/node_modules/.bin:/Users/the-kid/work/node_modules/.bin:/Users/the-kid/node_modules/.bin:/Users/node_modules/.bin:/node_modules/.bin:/usr/local/lib/node_modules/npm/node_modules/@npmcli/run-script/lib/node-gyp-bin:/Users/the-kid/work/contract-work/hexhive-common/node_modules/.bin:/opt/homebrew/opt/openjdk/bin:/opt/homebrew/bin:/opt/homebrew/sbin:/usr/local/bin:/usr/bin:/bin:/usr/sbin:/sbin:/opt/X11/bin:/opt/homebrew/opt/openjdk/bin:/opt/homebrew/bin:/opt/homebrew/sbin:/Users/the-kid/.cargo/bin

Yarn version: 
  1.22.10

Node version: 
  16.3.0

Platform: 
  darwin arm64

Trace: 
  Error: https://registry.yarnpkg.com/@hexhive%2fexpress-graphql: Not found
      at Request.params.callback [as _callback] (/usr/local/lib/node_modules/yarn/lib/cli.js:66988:18)
      at Request.self.callback (/usr/local/lib/node_modules/yarn/lib/cli.js:140662:22)
      at Request.emit (node:events:394:28)
      at Request.<anonymous> (/usr/local/lib/node_modules/yarn/lib/cli.js:141634:10)
      at Request.emit (node:events:394:28)
      at IncomingMessage.<anonymous> (/usr/local/lib/node_modules/yarn/lib/cli.js:141556:12)
      at Object.onceWrapper (node:events:513:28)
      at IncomingMessage.emit (node:events:406:35)
      at endReadableNT (node:internal/streams/readable:1329:12)
      at processTicksAndRejections (node:internal/process/task_queues:83:21)

npm manifest: 
  {
  	"name": "@hexhive/gateway",
  	"version": "0.0.6-alpha.17",
  	"description": "",
  	"main": "dist/index.js",
  	"files": [
  		"dist/"
  	],
  	"publishConfig": {
  		"access": "public"
  	},
  	"prettier": "@hexhive/prettier-config",
  	"bin": {
  		"hive-gateway": "./dist/server"
  	},
  	"author": "",
  	"license": "ISC",
  	"dependencies": {
  		"@envelop/core": "^1.7.1",
  		"@graphql-tools/stitch": "^8.0.8",
  		"@graphql-tools/wrap": "^8.3.2",
  		"@hexhive/express-graphql": "^0.0.6-alpha.13",
  		"@hexhive/types": "^0.0.6-alpha.13",
  		"@kubernetes/client-node": "^0.15.1",
  		"@neo4j/graphql": "^2.1.0",
  		"@neo4j/graphql-ogm": "^2.1.0",
  		"api-key-auth": "^0.2.3",
  		"assert": "^2.0.0",
  		"aws-sdk": "^2.987.0",
  		"connect-mongo": "^4.6.0",
  		"cookie-parser": "^1.4.5",
  		"cors": "^2.8.5",
  		"cross-fetch": "^3.1.4",
  		"dot-object": "^2.1.4",
  		"express": "^4.17.2",
  		"express-openid-connect": "^2.5.0",
  		"express-session": "^1.17.2",
  		"glob": "^7.1.7",
  		"got": "^11.8.2",
  		"graphql": "15.x",
  		"graphql-helix": "^1.11.0",
  		"greenlock-express": "^4.0.3",
  		"helmet": "^4.6.0",
  		"ipfs-core-types": "0.7.0",
  		"ipfs-http-client": "52.0.1",
  		"jose": "2",
  		"kafkajs": "^1.15.0",
  		"mongodb": "^4.3.0",
  		"multer": "^1.4.4",
  		"neo4j-driver": "^4.3.3",
  		"node-fetch": "^3.0.0",
  		"passport": "^0.5.2",
  		"passport-jwt": "^4.0.0",
  		"passport-openidconnect": "0.1.1",
  		"pem-jwk": "^2.0.0",
  		"socket.io": "^4.3.1",
  		"tar": "^6.1.11",
  		"ws": "^8.1.0",
  		"yargs": "^17.3.0"
  	},
  	"devDependencies": {
  		"@types/amqplib": "^0.8.2",
  		"@types/cookie-parser": "^1.4.2",
  		"@types/dot-object": "^2.1.2",
  		"@types/express": "^4.17.13",
  		"@types/express-serve-static-core": "^4.17.24",
  		"@types/express-session": "^1.17.4",
  		"@types/glob": "^7.1.4",
  		"@types/jsonwebtoken": "^8.5.6",
  		"@types/multer": "^1.4.7",
  		"@types/node": "^16.9.6",
  		"@types/node-fetch": "^3.0.3",
  		"@types/oidc-provider": "^7.6.1",
  		"@types/passport": "^1.0.7",
  		"@types/pem-jwk": "^1.5.1",
  		"@types/pg": "^8.6.1",
  		"@types/uuid": "^8.3.3",
  		"@types/ws": "^7.4.7",
  		"@types/yargs": "^17.0.8",
  		"@typescript-eslint/eslint-plugin": "^4.31.2",
  		"eslint": "^7.32.0",
  		"eslint-plugin-react": "^7.26.0",
  		"prettier": "^2.4.1",
  		"ts-node": "^10.2.0",
  		"typescript": "^4.3.5"
  	},
  	"gitHead": "2126449f7d1c5329e4a2325df89bed2da5902d25"
  }

yarn manifest: 
  No manifest

Lockfile: 
  No lockfile
